[debug] [2026-03-08T10:33:28.275Z] ----------------------------------------------------------------------
[debug] [2026-03-08T10:33:28.276Z] Command:       C:\Program Files\nodejs\node.exe C:\Users\JYJ\AppData\Roaming\npm\node_modules\firebase-tools\lib\bin\firebase.js deploy --only hosting --project brain-official
[debug] [2026-03-08T10:33:28.276Z] CLI Version:   15.6.0
[debug] [2026-03-08T10:33:28.276Z] Platform:      win32
[debug] [2026-03-08T10:33:28.277Z] Node Version:  v24.14.0
[debug] [2026-03-08T10:33:28.277Z] Time:          Sun Mar 08 2026 19:33:28 GMT+0900 (한국 표준시)
[debug] [2026-03-08T10:33:28.277Z] ----------------------------------------------------------------------
[debug] 
[debug] [2026-03-08T10:33:28.960Z] > command requires scopes: ["email","openid","https://www.googleapis.com/auth/cloudplatformprojects.readonly","https://www.googleapis.com/auth/firebase","https://www.googleapis.com/auth/cloud-platform"]
[debug] [2026-03-08T10:33:28.961Z] > authorizing via signed-in user (jyj29617@gmail.com)
[debug] [2026-03-08T10:33:28.961Z] [iam] checking project brain-official for permissions ["firebase.projects.get","firebasehosting.sites.update"]
[debug] [2026-03-08T10:33:28.961Z] Checked if tokens are valid: true, expires at: 1772968453831
[debug] [2026-03-08T10:33:28.961Z] Checked if tokens are valid: true, expires at: 1772968453831
[debug] [2026-03-08T10:33:28.962Z] >>> [apiv2][query] POST https://cloudresourcemanager.googleapis.com/v1/projects/brain-official:testIamPermissions [none]
[debug] [2026-03-08T10:33:28.962Z] >>> [apiv2][(partial)header] POST https://cloudresourcemanager.googleapis.com/v1/projects/brain-official:testIamPermissions  x-goog-user-project=brain-official
[debug] [2026-03-08T10:33:28.962Z] >>> [apiv2][body] POST https://cloudresourcemanager.googleapis.com/v1/projects/brain-official:testIamPermissions {"permissions":["firebase.projects.get","firebasehosting.sites.update"]}
[debug] [2026-03-08T10:33:29.190Z] <<< [apiv2][status] POST https://cloudresourcemanager.googleapis.com/v1/projects/brain-official:testIamPermissions 200
[debug] [2026-03-08T10:33:29.191Z] <<< [apiv2][body] POST https://cloudresourcemanager.googleapis.com/v1/projects/brain-official:testIamPermissions {"permissions":["firebase.projects.get","firebasehosting.sites.update"]}
[debug] [2026-03-08T10:33:29.191Z] Checked if tokens are valid: true, expires at: 1772968453831
[debug] [2026-03-08T10:33:29.191Z] Checked if tokens are valid: true, expires at: 1772968453831
[debug] [2026-03-08T10:33:29.191Z] >>> [apiv2][query] GET https://firebase.googleapis.com/v1beta1/projects/brain-official [none]
[debug] [2026-03-08T10:33:29.567Z] <<< [apiv2][status] GET https://firebase.googleapis.com/v1beta1/projects/brain-official 200
[debug] [2026-03-08T10:33:29.568Z] <<< [apiv2][body] GET https://firebase.googleapis.com/v1beta1/projects/brain-official {"projectId":"brain-official","projectNumber":"323291636893","displayName":"brain-official","name":"projects/brain-official","resources":{"hostingSite":"brain-official"},"state":"ACTIVE","etag":"1_6e6371ef-5256-4dca-8788-490f9ef3c23c"}
[debug] [2026-03-08T10:33:30.633Z] defaultcredentials: writing to file C:\Users\JYJ\AppData\Roaming\firebase\jyj29617_gmail_com_application_default_credentials.json
[debug] [2026-03-08T10:33:30.634Z] Checked if tokens are valid: true, expires at: 1772968453831
[debug] [2026-03-08T10:33:30.634Z] Checked if tokens are valid: true, expires at: 1772968453831
[debug] [2026-03-08T10:33:30.634Z] >>> [apiv2][query] GET https://firebasehosting.googleapis.com/v1beta1/projects/brain-official/sites pageToken=&pageSize=10
[debug] [2026-03-08T10:33:31.573Z] <<< [apiv2][status] GET https://firebasehosting.googleapis.com/v1beta1/projects/brain-official/sites 200
[debug] [2026-03-08T10:33:31.573Z] <<< [apiv2][body] GET https://firebasehosting.googleapis.com/v1beta1/projects/brain-official/sites {"sites":[{"name":"projects/brain-official/sites/brain-official","defaultUrl":"https://brain-official.web.app","type":"DEFAULT_SITE"}]}
[debug] [2026-03-08T10:33:31.573Z] Checked if tokens are valid: true, expires at: 1772968453831
[debug] [2026-03-08T10:33:31.573Z] Checked if tokens are valid: true, expires at: 1772968453831
[debug] [2026-03-08T10:33:31.573Z] >>> [apiv2][query] GET https://firebasehosting.googleapis.com/v1beta1/projects/brain-official/sites 
[debug] [2026-03-08T10:33:32.176Z] <<< [apiv2][status] GET https://firebasehosting.googleapis.com/v1beta1/projects/brain-official/sites 200
[debug] [2026-03-08T10:33:32.176Z] <<< [apiv2][body] GET https://firebasehosting.googleapis.com/v1beta1/projects/brain-official/sites {"sites":[{"name":"projects/brain-official/sites/brain-official","defaultUrl":"https://brain-official.web.app","type":"DEFAULT_SITE"}]}
[debug] [2026-03-08T10:33:32.176Z] Checked if tokens are valid: true, expires at: 1772968453831
[debug] [2026-03-08T10:33:32.176Z] Checked if tokens are valid: true, expires at: 1772968453831
[debug] [2026-03-08T10:33:32.176Z] >>> [apiv2][query] GET https://firebase.googleapis.com/v1beta1/projects/brain-official/webApps/-/config [none]
[debug] [2026-03-08T10:33:33.074Z] <<< [apiv2][status] GET https://firebase.googleapis.com/v1beta1/projects/brain-official/webApps/-/config 200
[debug] [2026-03-08T10:33:33.074Z] <<< [apiv2][body] GET https://firebase.googleapis.com/v1beta1/projects/brain-official/webApps/-/config {"projectId":"brain-official","appId":"1:323291636893:web:b7df7c38d32cd4c523e074","storageBucket":"brain-official.firebasestorage.app","apiKey":"AIzaSyATTdLtbKEIvOFaz479oQ6iQ-wFWdK0JpI","authDomain":"brain-official.firebaseapp.com","messagingSenderId":"323291636893","projectNumber":"323291636893","version":"2"}
[info] 
   Thank you for trying our early preview of Next.js support on Firebase Hosting.
   During the preview, support is best-effort and breaking changes can be expected. Proceed with caution.
   The integration is known to work with Next.js version 12 - 15.0. You may encounter errors.

   Documentation: https://firebase.google.com/docs/hosting/frameworks/nextjs
   File a bug: https://github.com/firebase/firebase-tools/issues/new?template=bug_report.md
   Submit a feature request: https://github.com/firebase/firebase-tools/issues/new?template=feature_request.md

   We'd love to learn from you. Express your interest in helping us shape the future of Firebase Hosting: https://goo.gle/41enW5X

[debug] [2026-03-08T10:33:35.602Z] Checked if tokens are valid: true, expires at: 1772968453831
[debug] [2026-03-08T10:33:35.602Z] Checked if tokens are valid: true, expires at: 1772968453831
[debug] [2026-03-08T10:33:35.602Z] >>> [apiv2][query] GET https://firebasehosting.googleapis.com/v1beta1/projects/brain-official/sites/brain-official [none]
[debug] [2026-03-08T10:33:36.044Z] <<< [apiv2][status] GET https://firebasehosting.googleapis.com/v1beta1/projects/brain-official/sites/brain-official 200
[debug] [2026-03-08T10:33:36.044Z] <<< [apiv2][body] GET https://firebasehosting.googleapis.com/v1beta1/projects/brain-official/sites/brain-official {"name":"projects/brain-official/sites/brain-official","defaultUrl":"https://brain-official.web.app","type":"DEFAULT_SITE"}
[info] ▲ Next.js 16.1.6 (Turbopack)

[info] - Environments: .env.local


[info]   Creating an optimized production build ...

[info] ✓ Compiled successfully in 3.4s

[info]   Running TypeScript ...

[info]   Collecting page data using 15 workers ...

[info]   Generating static pages using 15 workers (0/16) ...

[info]   Generating static pages using 15 workers (4/16) 

[info]   Generating static pages using 15 workers (8/16) 

[info]   Generating static pages using 15 workers (12/16) 

[info] ✓ Generating static pages using 15 workers (16/16) in 197.3ms

[info]   Finalizing page optimization ...

[info] 

[info] Route (app)
┌ ○ /
├ ○ /_not-found
├ ƒ /api/step1/chat
├ ƒ /api/step1/result
├ ƒ /api/step2/analyze
├ ○ /dashboard
├ ○ /privacy
├ ○ /share/step-1
├ ○ /share/step-2
├ ○ /step-1/chat
├ ○ /step-1/report
├ ○ /step-1/result
├ ○ /step-2/input
├ ○ /step-2/result
└ ○ /terms


○  (Static)   prerendered as static content
ƒ  (Dynamic)  server-rendered on demand


[info] Building a Cloud Function to run this application. This is needed due to:
[info]  • non-static component /api/step1/chat/route
[info]  • non-static component /api/step1/result/route
[info]  • non-static component /api/step2/analyze/route
[info] 
[debug] [2026-03-08T10:33:44.391Z] Checked if tokens are valid: true, expires at: 1772968453831
[debug] [2026-03-08T10:33:44.391Z] Checked if tokens are valid: true, expires at: 1772968453831
[debug] [2026-03-08T10:33:44.391Z] >>> [apiv2][query] GET https://firebasehosting.googleapis.com/v1beta1/projects/brain-official/sites/brain-official [none]
[debug] [2026-03-08T10:33:45.087Z] <<< [apiv2][status] GET https://firebasehosting.googleapis.com/v1beta1/projects/brain-official/sites/brain-official 200
[debug] [2026-03-08T10:33:45.087Z] <<< [apiv2][body] GET https://firebasehosting.googleapis.com/v1beta1/projects/brain-official/sites/brain-official {"name":"projects/brain-official/sites/brain-official","defaultUrl":"https://brain-official.web.app","type":"DEFAULT_SITE"}
[debug] [2026-03-08T10:33:45.484Z] Error: EPERM: operation not permitted, symlink 'C:\projects\3-brain-official\node_modules\firebase-admin' -> 'C:\projects\3-brain-official\.firebase\brain-official\functions\.next\node_modules\firebase-admin-a14c8a5423a75469'
[error] 
[error] Error: An unexpected error has occurred.
[debug] [2026-03-08T10:34:20.681Z] ----------------------------------------------------------------------
[debug] [2026-03-08T10:34:20.683Z] Command:       C:\Program Files\nodejs\node.exe C:\Users\JYJ\AppData\Roaming\npm\node_modules\firebase-tools\lib\bin\firebase.js deploy --only hosting --project brain-official --debug
[debug] [2026-03-08T10:34:20.683Z] CLI Version:   15.6.0
[debug] [2026-03-08T10:34:20.683Z] Platform:      win32
[debug] [2026-03-08T10:34:20.683Z] Node Version:  v24.14.0
[debug] [2026-03-08T10:34:20.683Z] Time:          Sun Mar 08 2026 19:34:20 GMT+0900 (한국 표준시)
[debug] [2026-03-08T10:34:20.683Z] ----------------------------------------------------------------------
[debug] 
[debug] [2026-03-08T10:34:21.417Z] > command requires scopes: ["email","openid","https://www.googleapis.com/auth/cloudplatformprojects.readonly","https://www.googleapis.com/auth/firebase","https://www.googleapis.com/auth/cloud-platform"]
[debug] [2026-03-08T10:34:21.417Z] > authorizing via signed-in user (jyj29617@gmail.com)
[debug] [2026-03-08T10:34:21.418Z] [iam] checking project brain-official for permissions ["firebase.projects.get","firebasehosting.sites.update"]
[debug] [2026-03-08T10:34:21.418Z] Checked if tokens are valid: true, expires at: 1772968453831
[debug] [2026-03-08T10:34:21.418Z] Checked if tokens are valid: true, expires at: 1772968453831
[debug] [2026-03-08T10:34:21.419Z] >>> [apiv2][query] POST https://cloudresourcemanager.googleapis.com/v1/projects/brain-official:testIamPermissions [none]
[debug] [2026-03-08T10:34:21.419Z] >>> [apiv2][(partial)header] POST https://cloudresourcemanager.googleapis.com/v1/projects/brain-official:testIamPermissions  x-goog-user-project=brain-official
[debug] [2026-03-08T10:34:21.419Z] >>> [apiv2][body] POST https://cloudresourcemanager.googleapis.com/v1/projects/brain-official:testIamPermissions {"permissions":["firebase.projects.get","firebasehosting.sites.update"]}
[debug] [2026-03-08T10:34:21.647Z] <<< [apiv2][status] POST https://cloudresourcemanager.googleapis.com/v1/projects/brain-official:testIamPermissions 200
[debug] [2026-03-08T10:34:21.647Z] <<< [apiv2][body] POST https://cloudresourcemanager.googleapis.com/v1/projects/brain-official:testIamPermissions {"permissions":["firebase.projects.get","firebasehosting.sites.update"]}
[debug] [2026-03-08T10:34:21.647Z] Checked if tokens are valid: true, expires at: 1772968453831
[debug] [2026-03-08T10:34:21.647Z] Checked if tokens are valid: true, expires at: 1772968453831
[debug] [2026-03-08T10:34:21.647Z] >>> [apiv2][query] GET https://firebase.googleapis.com/v1beta1/projects/brain-official [none]
[debug] [2026-03-08T10:34:22.021Z] <<< [apiv2][status] GET https://firebase.googleapis.com/v1beta1/projects/brain-official 200
[debug] [2026-03-08T10:34:22.022Z] <<< [apiv2][body] GET https://firebase.googleapis.com/v1beta1/projects/brain-official {"projectId":"brain-official","projectNumber":"323291636893","displayName":"brain-official","name":"projects/brain-official","resources":{"hostingSite":"brain-official"},"state":"ACTIVE","etag":"1_6e6371ef-5256-4dca-8788-490f9ef3c23c"}
[debug] [2026-03-08T10:34:23.097Z] defaultcredentials: writing to file C:\Users\JYJ\AppData\Roaming\firebase\jyj29617_gmail_com_application_default_credentials.json
[debug] [2026-03-08T10:34:23.098Z] Checked if tokens are valid: true, expires at: 1772968453831
[debug] [2026-03-08T10:34:23.098Z] Checked if tokens are valid: true, expires at: 1772968453831
[debug] [2026-03-08T10:34:23.098Z] >>> [apiv2][query] GET https://firebasehosting.googleapis.com/v1beta1/projects/brain-official/sites pageToken=&pageSize=10
[debug] [2026-03-08T10:34:23.921Z] <<< [apiv2][status] GET https://firebasehosting.googleapis.com/v1beta1/projects/brain-official/sites 200
[debug] [2026-03-08T10:34:23.921Z] <<< [apiv2][body] GET https://firebasehosting.googleapis.com/v1beta1/projects/brain-official/sites {"sites":[{"name":"projects/brain-official/sites/brain-official","defaultUrl":"https://brain-official.web.app","type":"DEFAULT_SITE"}]}
[debug] [2026-03-08T10:34:23.921Z] Checked if tokens are valid: true, expires at: 1772968453831
[debug] [2026-03-08T10:34:23.921Z] Checked if tokens are valid: true, expires at: 1772968453831
[debug] [2026-03-08T10:34:23.921Z] >>> [apiv2][query] GET https://firebasehosting.googleapis.com/v1beta1/projects/brain-official/sites 
[debug] [2026-03-08T10:34:24.503Z] <<< [apiv2][status] GET https://firebasehosting.googleapis.com/v1beta1/projects/brain-official/sites 200
[debug] [2026-03-08T10:34:24.503Z] <<< [apiv2][body] GET https://firebasehosting.googleapis.com/v1beta1/projects/brain-official/sites {"sites":[{"name":"projects/brain-official/sites/brain-official","defaultUrl":"https://brain-official.web.app","type":"DEFAULT_SITE"}]}
[debug] [2026-03-08T10:34:24.503Z] Checked if tokens are valid: true, expires at: 1772968453831
[debug] [2026-03-08T10:34:24.503Z] Checked if tokens are valid: true, expires at: 1772968453831
[debug] [2026-03-08T10:34:24.503Z] >>> [apiv2][query] GET https://firebase.googleapis.com/v1beta1/projects/brain-official/webApps/-/config [none]
[debug] [2026-03-08T10:34:25.054Z] <<< [apiv2][status] GET https://firebase.googleapis.com/v1beta1/projects/brain-official/webApps/-/config 200
[debug] [2026-03-08T10:34:25.054Z] <<< [apiv2][body] GET https://firebase.googleapis.com/v1beta1/projects/brain-official/webApps/-/config {"projectId":"brain-official","appId":"1:323291636893:web:b7df7c38d32cd4c523e074","storageBucket":"brain-official.firebasestorage.app","apiKey":"AIzaSyATTdLtbKEIvOFaz479oQ6iQ-wFWdK0JpI","authDomain":"brain-official.firebaseapp.com","messagingSenderId":"323291636893","projectNumber":"323291636893","version":"2"}
[info] 
   Thank you for trying our early preview of Next.js support on Firebase Hosting.
   During the preview, support is best-effort and breaking changes can be expected. Proceed with caution.
   The integration is known to work with Next.js version 12 - 15.0. You may encounter errors.

   Documentation: https://firebase.google.com/docs/hosting/frameworks/nextjs
   File a bug: https://github.com/firebase/firebase-tools/issues/new?template=bug_report.md
   Submit a feature request: https://github.com/firebase/firebase-tools/issues/new?template=feature_request.md

   We'd love to learn from you. Express your interest in helping us shape the future of Firebase Hosting: https://goo.gle/41enW5X

[debug] [2026-03-08T10:34:27.669Z] Checked if tokens are valid: true, expires at: 1772968453831
[debug] [2026-03-08T10:34:27.669Z] Checked if tokens are valid: true, expires at: 1772968453831
[debug] [2026-03-08T10:34:27.669Z] >>> [apiv2][query] GET https://firebasehosting.googleapis.com/v1beta1/projects/brain-official/sites/brain-official [none]
[debug] [2026-03-08T10:34:28.203Z] <<< [apiv2][status] GET https://firebasehosting.googleapis.com/v1beta1/projects/brain-official/sites/brain-official 200
[debug] [2026-03-08T10:34:28.203Z] <<< [apiv2][body] GET https://firebasehosting.googleapis.com/v1beta1/projects/brain-official/sites/brain-official {"name":"projects/brain-official/sites/brain-official","defaultUrl":"https://brain-official.web.app","type":"DEFAULT_SITE"}
[info] ▲ Next.js 16.1.6 (Turbopack)

[info] - Environments: .env.local


[info]   Creating an optimized production build ...

[info] 

[info] [162.12ms] [@tailwindcss/postcss] src\app\globals.css
[  0.05ms]   ↳ Quick bail check
[ 16.16ms]   ↳ Setup compiler
[  0.28ms]     ↳ PostCSS AST -> Tailwind CSS AST
[ 15.86ms]     ↳ Create compiler
[  0.17ms]   ↳ Register full rebuild paths
[  1.14ms]   ↳ Setup scanner
[ 43.02ms]   ↳ Scan for candidates
[ 22.67ms]   ↳ Register dependency messages
[ 45.78ms]   ↳ Build utilities
[ 30.88ms]   ↳ Optimization
[  0.59ms]     ↳ AST -> CSS
[ 21.74ms]     ↳ Lightning CSS
[  8.53ms]     ↳ CSS -> PostCSS AST
[  1.97ms]   ↳ Update PostCSS AST


[info] ✓ Compiled successfully in 3.2s

[info]   Running TypeScript ...

[info]   Collecting page data using 15 workers ...

[info]   Generating static pages using 15 workers (0/16) ...

[info]   Generating static pages using 15 workers (4/16) 

[info]   Generating static pages using 15 workers (8/16) 

[info]   Generating static pages using 15 workers (12/16) 

[info] ✓ Generating static pages using 15 workers (16/16) in 416.8ms

[info]   Finalizing page optimization ...

[info] 

[info] Route (app)
┌ ○ /
├ ○ /_not-found
├ ƒ /api/step1/chat
├ ƒ /api/step1/result
├ ƒ /api/step2/analyze
├ ○ /dashboard
├ ○ /privacy
├ ○ /share/step-1
├ ○ /share/step-2
├ ○ /step-1/chat
├ ○ /step-1/report
├ ○ /step-1/result
├ ○ /step-2/input
├ ○ /step-2/result
└ ○ /terms



[info] ○  (Static)   prerendered as static content
ƒ  (Dynamic)  server-rendered on demand


[info] Building a Cloud Function to run this application. This is needed due to:
[info]  • non-static component /api/step1/chat/route
[info]  • non-static component /api/step1/result/route
[info]  • non-static component /api/step2/analyze/route
[info] 
[debug] [2026-03-08T10:34:36.828Z] Checked if tokens are valid: true, expires at: 1772968453831
[debug] [2026-03-08T10:34:36.828Z] Checked if tokens are valid: true, expires at: 1772968453831
[debug] [2026-03-08T10:34:36.828Z] >>> [apiv2][query] GET https://firebasehosting.googleapis.com/v1beta1/projects/brain-official/sites/brain-official [none]
[debug] [2026-03-08T10:34:37.558Z] <<< [apiv2][status] GET https://firebasehosting.googleapis.com/v1beta1/projects/brain-official/sites/brain-official 200
[debug] [2026-03-08T10:34:37.558Z] <<< [apiv2][body] GET https://firebasehosting.googleapis.com/v1beta1/projects/brain-official/sites/brain-official {"name":"projects/brain-official/sites/brain-official","defaultUrl":"https://brain-official.web.app","type":"DEFAULT_SITE"}
[debug] [2026-03-08T10:34:37.902Z] Error: EPERM: operation not permitted, symlink 'C:\projects\3-brain-official\node_modules\firebase-admin' -> 'C:\projects\3-brain-official\.firebase\brain-official\functions\.next\node_modules\firebase-admin-a14c8a5423a75469'
[error] 
[error] Error: An unexpected error has occurred.
[debug] [2026-03-08T10:36:45.209Z] ----------------------------------------------------------------------
[debug] [2026-03-08T10:36:45.211Z] Command:       C:\Program Files\nodejs\node.exe C:\Users\JYJ\AppData\Roaming\npm\node_modules\firebase-tools\lib\bin\firebase.js deploy --only hosting --project brain-official
[debug] [2026-03-08T10:36:45.212Z] CLI Version:   15.6.0
[debug] [2026-03-08T10:36:45.212Z] Platform:      win32
[debug] [2026-03-08T10:36:45.212Z] Node Version:  v24.14.0
[debug] [2026-03-08T10:36:45.212Z] Time:          Sun Mar 08 2026 19:36:45 GMT+0900 (한국 표준시)
[debug] [2026-03-08T10:36:45.212Z] ----------------------------------------------------------------------
[debug] 
[debug] [2026-03-08T10:36:46.194Z] > command requires scopes: ["email","openid","https://www.googleapis.com/auth/cloudplatformprojects.readonly","https://www.googleapis.com/auth/firebase","https://www.googleapis.com/auth/cloud-platform"]
[debug] [2026-03-08T10:36:46.194Z] > authorizing via signed-in user (jyj29617@gmail.com)
[debug] [2026-03-08T10:36:46.194Z] [iam] checking project brain-official for permissions ["firebase.projects.get","firebasehosting.sites.update"]
[debug] [2026-03-08T10:36:46.195Z] Checked if tokens are valid: true, expires at: 1772968453831
[debug] [2026-03-08T10:36:46.195Z] Checked if tokens are valid: true, expires at: 1772968453831
[debug] [2026-03-08T10:36:46.196Z] >>> [apiv2][query] POST https://cloudresourcemanager.googleapis.com/v1/projects/brain-official:testIamPermissions [none]
[debug] [2026-03-08T10:36:46.196Z] >>> [apiv2][(partial)header] POST https://cloudresourcemanager.googleapis.com/v1/projects/brain-official:testIamPermissions  x-goog-user-project=brain-official
[debug] [2026-03-08T10:36:46.196Z] >>> [apiv2][body] POST https://cloudresourcemanager.googleapis.com/v1/projects/brain-official:testIamPermissions {"permissions":["firebase.projects.get","firebasehosting.sites.update"]}
[debug] [2026-03-08T10:36:46.457Z] <<< [apiv2][status] POST https://cloudresourcemanager.googleapis.com/v1/projects/brain-official:testIamPermissions 200
[debug] [2026-03-08T10:36:46.457Z] <<< [apiv2][body] POST https://cloudresourcemanager.googleapis.com/v1/projects/brain-official:testIamPermissions {"permissions":["firebase.projects.get","firebasehosting.sites.update"]}
[debug] [2026-03-08T10:36:46.458Z] Checked if tokens are valid: true, expires at: 1772968453831
[debug] [2026-03-08T10:36:46.458Z] Checked if tokens are valid: true, expires at: 1772968453831
[debug] [2026-03-08T10:36:46.458Z] >>> [apiv2][query] GET https://firebase.googleapis.com/v1beta1/projects/brain-official [none]
[debug] [2026-03-08T10:36:46.882Z] <<< [apiv2][status] GET https://firebase.googleapis.com/v1beta1/projects/brain-official 200
[debug] [2026-03-08T10:36:46.882Z] <<< [apiv2][body] GET https://firebase.googleapis.com/v1beta1/projects/brain-official {"projectId":"brain-official","projectNumber":"323291636893","displayName":"brain-official","name":"projects/brain-official","resources":{"hostingSite":"brain-official"},"state":"ACTIVE","etag":"1_300650bc-b98f-4bfb-8e34-922a9c30b85f"}
[debug] [2026-03-08T10:36:48.160Z] defaultcredentials: writing to file C:\Users\JYJ\AppData\Roaming\firebase\jyj29617_gmail_com_application_default_credentials.json
[debug] [2026-03-08T10:36:48.161Z] Checked if tokens are valid: true, expires at: 1772968453831
[debug] [2026-03-08T10:36:48.161Z] Checked if tokens are valid: true, expires at: 1772968453831
[debug] [2026-03-08T10:36:48.161Z] >>> [apiv2][query] GET https://firebasehosting.googleapis.com/v1beta1/projects/brain-official/sites pageToken=&pageSize=10
[debug] [2026-03-08T10:36:48.944Z] <<< [apiv2][status] GET https://firebasehosting.googleapis.com/v1beta1/projects/brain-official/sites 200
[debug] [2026-03-08T10:36:48.944Z] <<< [apiv2][body] GET https://firebasehosting.googleapis.com/v1beta1/projects/brain-official/sites {"sites":[{"name":"projects/brain-official/sites/brain-official","defaultUrl":"https://brain-official.web.app","type":"DEFAULT_SITE"}]}
[debug] [2026-03-08T10:36:48.944Z] Checked if tokens are valid: true, expires at: 1772968453831
[debug] [2026-03-08T10:36:48.944Z] Checked if tokens are valid: true, expires at: 1772968453831
[debug] [2026-03-08T10:36:48.944Z] >>> [apiv2][query] GET https://firebasehosting.googleapis.com/v1beta1/projects/brain-official/sites 
[debug] [2026-03-08T10:36:49.519Z] <<< [apiv2][status] GET https://firebasehosting.googleapis.com/v1beta1/projects/brain-official/sites 200
[debug] [2026-03-08T10:36:49.519Z] <<< [apiv2][body] GET https://firebasehosting.googleapis.com/v1beta1/projects/brain-official/sites {"sites":[{"name":"projects/brain-official/sites/brain-official","defaultUrl":"https://brain-official.web.app","type":"DEFAULT_SITE"}]}
[debug] [2026-03-08T10:36:49.519Z] Checked if tokens are valid: true, expires at: 1772968453831
[debug] [2026-03-08T10:36:49.519Z] Checked if tokens are valid: true, expires at: 1772968453831
[debug] [2026-03-08T10:36:49.519Z] >>> [apiv2][query] GET https://firebase.googleapis.com/v1beta1/projects/brain-official/webApps/-/config [none]
[debug] [2026-03-08T10:36:50.280Z] <<< [apiv2][status] GET https://firebase.googleapis.com/v1beta1/projects/brain-official/webApps/-/config 200
[debug] [2026-03-08T10:36:50.280Z] <<< [apiv2][body] GET https://firebase.googleapis.com/v1beta1/projects/brain-official/webApps/-/config {"projectId":"brain-official","appId":"1:323291636893:web:b7df7c38d32cd4c523e074","storageBucket":"brain-official.firebasestorage.app","apiKey":"AIzaSyATTdLtbKEIvOFaz479oQ6iQ-wFWdK0JpI","authDomain":"brain-official.firebaseapp.com","messagingSenderId":"323291636893","projectNumber":"323291636893","version":"2"}
[info] 
   Thank you for trying our early preview of Next.js support on Firebase Hosting.
   During the preview, support is best-effort and breaking changes can be expected. Proceed with caution.
   The integration is known to work with Next.js version 12 - 15.0. You may encounter errors.

   Documentation: https://firebase.google.com/docs/hosting/frameworks/nextjs
   File a bug: https://github.com/firebase/firebase-tools/issues/new?template=bug_report.md
   Submit a feature request: https://github.com/firebase/firebase-tools/issues/new?template=feature_request.md

   We'd love to learn from you. Express your interest in helping us shape the future of Firebase Hosting: https://goo.gle/41enW5X

[debug] [2026-03-08T10:36:53.456Z] Checked if tokens are valid: true, expires at: 1772968453831
[debug] [2026-03-08T10:36:53.457Z] Checked if tokens are valid: true, expires at: 1772968453831
[debug] [2026-03-08T10:36:53.457Z] >>> [apiv2][query] GET https://firebasehosting.googleapis.com/v1beta1/projects/brain-official/sites/brain-official [none]
[debug] [2026-03-08T10:36:53.924Z] <<< [apiv2][status] GET https://firebasehosting.googleapis.com/v1beta1/projects/brain-official/sites/brain-official 200
[debug] [2026-03-08T10:36:53.925Z] <<< [apiv2][body] GET https://firebasehosting.googleapis.com/v1beta1/projects/brain-official/sites/brain-official {"name":"projects/brain-official/sites/brain-official","defaultUrl":"https://brain-official.web.app","type":"DEFAULT_SITE"}
[info] ⚠ Found lockfile missing swc dependencies, patching...

[info] ▲ Next.js 16.1.6 (Turbopack)

[info] - Environments: .env.local


[info]   Creating an optimized production build ...

[info] ⚠ Lockfile was successfully patched, please run "npm install" to ensure @next/swc dependencies are downloaded

[info] ✓ Compiled successfully in 3.6s

[info]   Running TypeScript ...

[info]   Collecting page data using 15 workers ...

[info]   Generating static pages using 15 workers (0/16) ...

[info]   Generating static pages using 15 workers (4/16) 

[info]   Generating static pages using 15 workers (8/16) 

[info]   Generating static pages using 15 workers (12/16) 

[info] ✓ Generating static pages using 15 workers (16/16) in 529.0ms

[info]   Finalizing page optimization ...

[info] 

[info] Route (app)
┌ ○ /
├ ○ /_not-found
├ ƒ /api/step1/chat
├ ƒ /api/step1/result
├ ƒ /api/step2/analyze
├ ○ /dashboard
├ ○ /privacy
├ ○ /share/step-1
├ ○ /share/step-2
├ ○ /step-1/chat
├ ○ /step-1/report
├ ○ /step-1/result
├ ○ /step-2/input
├ ○ /step-2/result
└ ○ /terms


○  (Static)   prerendered as static content
ƒ  (Dynamic)  server-rendered on demand


[info] Building a Cloud Function to run this application. This is needed due to:
[info]  • non-static component /api/step1/chat/route
[info]  • non-static component /api/step1/result/route
[info]  • non-static component /api/step2/analyze/route
[info] 
[debug] [2026-03-08T10:37:04.461Z] Checked if tokens are valid: true, expires at: 1772968453831
[debug] [2026-03-08T10:37:04.462Z] Checked if tokens are valid: true, expires at: 1772968453831
[debug] [2026-03-08T10:37:04.462Z] >>> [apiv2][query] GET https://firebasehosting.googleapis.com/v1beta1/projects/brain-official/sites/brain-official [none]
[debug] [2026-03-08T10:37:05.208Z] <<< [apiv2][status] GET https://firebasehosting.googleapis.com/v1beta1/projects/brain-official/sites/brain-official 200
[debug] [2026-03-08T10:37:05.208Z] <<< [apiv2][body] GET https://firebasehosting.googleapis.com/v1beta1/projects/brain-official/sites/brain-official {"name":"projects/brain-official/sites/brain-official","defaultUrl":"https://brain-official.web.app","type":"DEFAULT_SITE"}
[debug] [2026-03-08T10:37:05.593Z] Error: EPERM: operation not permitted, symlink 'C:\projects\3-brain-official\node_modules\firebase-admin' -> 'C:\projects\3-brain-official\.firebase\brain-official\functions\.next\node_modules\firebase-admin-a14c8a5423a75469'
[error] 
[error] Error: An unexpected error has occurred.
